c:\users\ch3rn0byl\desktop\hunting-windows\windowskernel\thewatchers\thewatchers\x64\release\vc142.pdb
c:\users\ch3rn0byl\desktop\hunting-windows\windowskernel\thewatchers\thewatchers\x64\release\source.obj
c:\users\ch3rn0byl\desktop\hunting-windows\windowskernel\thewatchers\x64\release\thewatchers\thewatchers.cat
c:\users\ch3rn0byl\desktop\hunting-windows\windowskernel\thewatchers\x64\release\thewatchers.sys
c:\users\ch3rn0byl\desktop\hunting-windows\windowskernel\thewatchers\thewatchers\x64\release\thewatchers.inf
c:\users\ch3rn0byl\desktop\hunting-windows\windowskernel\thewatchers\x64\release\thewatchers.cer
c:\users\ch3rn0byl\desktop\hunting-windows\windowskernel\thewatchers\x64\release\thewatchers.inf
c:\users\ch3rn0byl\desktop\hunting-windows\windowskernel\thewatchers\x64\release\thewatchers.pdb
c:\users\ch3rn0byl\desktop\hunting-windows\windowskernel\thewatchers\thewatchers\x64\release\thewatchers.tlog\cl.command.1.tlog
c:\users\ch3rn0byl\desktop\hunting-windows\windowskernel\thewatchers\thewatchers\x64\release\thewatchers.tlog\cl.read.1.tlog
c:\users\ch3rn0byl\desktop\hunting-windows\windowskernel\thewatchers\thewatchers\x64\release\thewatchers.tlog\cl.write.1.tlog
c:\users\ch3rn0byl\desktop\hunting-windows\windowskernel\thewatchers\thewatchers\x64\release\thewatchers.tlog\inf2cat-expand.7964.read.1.tlog
c:\users\ch3rn0byl\desktop\hunting-windows\windowskernel\thewatchers\thewatchers\x64\release\thewatchers.tlog\inf2cat-expand.7964.write.1.tlog
c:\users\ch3rn0byl\desktop\hunting-windows\windowskernel\thewatchers\thewatchers\x64\release\thewatchers.tlog\inf2cat-expand.read.1.tlog
c:\users\ch3rn0byl\desktop\hunting-windows\windowskernel\thewatchers\thewatchers\x64\release\thewatchers.tlog\inf2cat-expand.write.1.tlog
c:\users\ch3rn0byl\desktop\hunting-windows\windowskernel\thewatchers\thewatchers\x64\release\thewatchers.tlog\inf2cat.command.1.tlog
c:\users\ch3rn0byl\desktop\hunting-windows\windowskernel\thewatchers\thewatchers\x64\release\thewatchers.tlog\inf2cat.read.1.tlog
c:\users\ch3rn0byl\desktop\hunting-windows\windowskernel\thewatchers\thewatchers\x64\release\thewatchers.tlog\inf2cat.write.1.tlog
c:\users\ch3rn0byl\desktop\hunting-windows\windowskernel\thewatchers\thewatchers\x64\release\thewatchers.tlog\link.command.1.tlog
c:\users\ch3rn0byl\desktop\hunting-windows\windowskernel\thewatchers\thewatchers\x64\release\thewatchers.tlog\link.read.1.tlog
c:\users\ch3rn0byl\desktop\hunting-windows\windowskernel\thewatchers\thewatchers\x64\release\thewatchers.tlog\link.write.1.tlog
c:\users\ch3rn0byl\desktop\hunting-windows\windowskernel\thewatchers\thewatchers\x64\release\thewatchers.tlog\signtool.command.1.tlog
c:\users\ch3rn0byl\desktop\hunting-windows\windowskernel\thewatchers\thewatchers\x64\release\thewatchers.tlog\signtool.read.1.tlog
c:\users\ch3rn0byl\desktop\hunting-windows\windowskernel\thewatchers\thewatchers\x64\release\thewatchers.tlog\signtool.timestamp.1.tlog
c:\users\ch3rn0byl\desktop\hunting-windows\windowskernel\thewatchers\thewatchers\x64\release\thewatchers.tlog\signtool.write.1.tlog
c:\users\ch3rn0byl\desktop\hunting-windows\windowskernel\thewatchers\thewatchers\x64\release\thewatchers.tlog\stampinf.command.1.tlog
c:\users\ch3rn0byl\desktop\hunting-windows\windowskernel\thewatchers\thewatchers\x64\release\thewatchers.tlog\stampinf.read.1.tlog
c:\users\ch3rn0byl\desktop\hunting-windows\windowskernel\thewatchers\thewatchers\x64\release\thewatchers.tlog\stampinf.write.1.tlog
